[    0.000000]Initializing cgroup subsys cpuset
[    0.000000] Initializi cgroup subsys cpu
[    0.000000] Initializing cgroup subsys cpuacct
[    0.000000] Linux version 4.4.0-131-generic (buildd@lgw01-amd64-015) (gcc version 5.4.0 20160609 (Ubuntu 5.4.0-6ubuntu1~16.04.10) ) #157-Ubuntu SMP Thu Jul 12 15:51:36 UTC 2018 (Ubuntu 4.4.0-131.157-generic 4.4.134)
[    0.000000] Command line: BOOT_IMAGE=/boot/vmlinuz-4.4.0-131-generic root=LABEL=cloudimg-rootfs ro console=tty1 console=ttyS0
[    0.000000] KERNEL supported cpus:
[    0.000000]   Intel GenuineIntel
[    0.000000]   AMD AuthenticAMD
[    0.000000]   Centaur CentaurHauls
[    0.000000] x86/fpu: xstate_offset[2]:  576, xstate_sizes[2]:  256
[    0.000000] x86/fpu: Supporting XSAVE feature 0x01: 'x87 floating point registers'
[    0.000000] x86/fpu: Supporting XSAVE feature 0x02: 'SSE registers'
[    0.000000] x86/fpu: Supporting XSAVE feature 0x04: 'AVX registers'
[    0.000000] x86/fpu: Enabled xstate features 0x7, context size is 832 bytes, using 'standard' format.
[    0.000000] x86/fpu: Using 'eager' FPU context switches.
[    0.000000] e820: BIOS-provided physical RAM map:
[    0.000000] BIOS-e820: [mem 0x0000000000000000-0x000000000009fbff] usable
[    0.000000] BIOS-e820: [mem 0x000000000009fc00-0x000000000009ffff] reserved
[    0.000000] BIOS-e820: [mem 0x00000000000f0000-0x00000000000fffff] reserved
[    0.000000] BIOS-e820: [mem 0x0000000000100000-0x000000003ffeffff] usable
[    0.000000] BIOS-e820: [mem 0x000000003fff0000-x000000003fffffff] ACPI data
[    0.000000] BIOS-e820: [mem 0x00000000fec00000-0x00000000fec00fff] reserved
[    0.000000] BIOS-e820: [mem 0x00000000fee00000-0x00000000fee00fff] reserved
[    0.000000] BIOS-e820: [mem 0x00000000fffc0000-0x00000000ffffffff] reserved
[    0.000000] NX (Execute Disable) protection: active
[    0.000000] SMBIOS 2.5 present.
[    0.000000] Hypervisor detected: KVM
[    0.000000] e820: last_pfn = 0x3fff0 max_arch_pfn = 0x400000000
[    0.000000] MTRR: Disabled
[    0.000000] x86/PAT: MTRRs disabled, skipping PAT initialization too.
[    0.000000] CPU MTRRs all blank - virtualized system.
[    0.000000] x86/PAT: Configguration [0-7]: WB  WT  UC- UC  WB  WT  UC- UC  
[    0.000000] found SMP MP-table at [mem 0x0009fff0-0x0009ffff] mapped at [ffff88000009fff0]
[    0.000000] Scanning 1 areas for low memory corruption
[    0.000000 RMDISK: [mem 0x3630c000-0x3717dfff]
[    0.000000] ACPI: Early table checksum verification disabled
[    0.000000] ACPI: RSDP 0x00000000000E0000 000024 (v02 VBOX  )
[    0.000000] ACPI: XSDT 0x000000003FFF0030 00003C (v01 VBOX   VBOXXSDT 00000001 ASL  00000061)
[    0.000000] ACPI: FACP 0x000000003FFF00F0 0000F4 (v04 VBOX   VBOXFACP 00000001 ASL  00000061)
[    0.000000] ACPI: DSDT 0x000000003FFF0470 0021FF (v02 VBOX   VBOXBIOS 00000002 INTL 20100528)
[    0.000000] ACPI: FACS 0x000000003FFF0200 000040
[    0.000000] ACPI: FACS 0x000000003FFF0200 000040
[    0.000000] ACPI: APIC 0x000000003FFF0240 00005C (v02 VBOX   VBOXAPIC 00000001 ASL  00000061)
[    0.000000] ACPI: SSDT 0x000000003FFF02A00001CC (v01 VBOX   VBOXCPUT 00000002 INTL 20100528)
[    0.000000] No NUMA configuration found
[    0.000000] Faking a node at [mem 0x0000000000000000-0x000000003ffeffff]
[    0.000000] NODE_DATA(0) allocated [mem 0x3ffeb000-0x3ffeffff]
[    0.000000] kvm-clock: Using msrs 4b564d01 and 4b564d00
[   0.0000] km-clock: cpu 0, msr 0:3ffe3001, primary cpu clock
[   0.000000] kvm-clock: using sched offset of 4303376407 cycles
[    0.000000] clocksource: kvm-clock: mask: 0xffffffffffffffff max_cycles: 0x1cd42e4dffb, max_idle_ns: 881590591483 ns
[    0.000000] Zone ranges:
[    0.000000]   DMA      [mem 0x0000000000001000-0x0000000000ffffff]
[    0.000000]   DMA32    [mem0x000000001000000-0x000000003ffeff]
[    0.0000]   Normal   empty
[   .000000]   Device   empty
[    0.000000] Movable zone start for each node
[    0.000000] Early memory node ranges
[    0.000000]   node   0: [mem 0x0000000000001000-0x000000000009efff]
[    0.000000]   node   0: [mem 0x0000000000100000-0x000000003ffeffff]
[    0.000000] Initmem setup node 0 [mem 0x0000000000001000-0x000000003ffeffff]
[    0.000000] ACPI: PM-Timer IO Port: 0x4008
[    0.000000] IOAPIC[0]: apic_id 2, version 32, address 0xfec00000, GSI 0-23
[    0.000000] ACPI: INT_SRC_OVR (bus 0 bus_irq 0 global_irq 2 dfl dfl)
[    0.000000] ACPI: INT_SRC_OVR (bus 0 bus_irq 9 global_irq 9 low level)
[    0.000000] Using ACPI (MADT) for SMP configuration information
[    0.000000] smpboot: Allowing 2 CPUs, 0 hotplug CPUs
[    0.000000] PM: Registered nosave memory: [mem 0x00000000-0x00000fff]
[    0.000000] PM: Registered nosave memory: [mem 0x0009f000-0x0009ffff]
[    0.000000] PM: Registered nosave memory: [mem 0x000a0000-0x000effff]
[    0.000000] PM: Registered nosave memory: [mem 0x000f0000-0x000fffff]
[    0.000000] e820: [mem 0x40000000-0xfebfffff] available for PCI devices
[    0.000000] Booting paravirtualized kernel on KVM
[    0.000000] clocksource: refined-jiffies: mask: 0xffffffff max_cycles: 0xffffffff, max_idle_ns: 7645519600211568 ns
[    0.000000] setup_percpu: NR_CPUS:512 nr_cpumask_bits:512 nr_cpu_ids:2 nr_node_ids:1
[    0.000000] PERCPU: Embedded 34 pages/cpu @ffff88003fc00000 s99544 r8192 d31528 u1048576
[    0.000000] PV qspinlock hash table entries: 256 (order: 0, 4096 bytes)
[    0.000000] Built 1 zonelists in Node order, mobility grouping on.  Total pages: 257912
[    0.000000] Policy zone: DMA32
[    0.000000] Kernel command line: BOOT_IMAGE=/boot/vmlinuz-4.4.0-131-generic root=LABEL=cloudimg-rootfs ro console=tty1 console=ttyS0
[    0.000000] PID hash table entries: 4096 (order: 3, 32768 bytes)
[    0.000000] Memory: 997724K/1048120K availale (8546K kerne cde, 1313K rwdata, 4000K rodata, 1516K init, 1316K bss, 50396K reserved, 0 ca-reserved)
[    0.000000] SLUB: HWalign=64, Order=0-3, MinObjects=0, CPUs=2, Nodes=1
[    0.000000] Kernel/User page tables solation: enabled
[    0.000000] Hierarchical RCU implementation.
[    0.000000] 	Build-time adjustment of leaf fanout to 64.
[    0.000000] 	RCU estricting CPUs fromNR_CPUS=512 to nr_cpu_ids=2.
[    0.000000] RCU: Adjusting geometry for rcu_fanout_leaf=64, nr_cpu_ids=2
[    0.000000] NR_IRQS:33024 nr_irqs:440 16
[    0.000000] Console: colour VGA+ 80x25
[    0.000000] console [tty1] enabled
[    0.000000] console [ttyS0] enabled
[    0.000000 tsc: Detected 1995.382 MHz processor
[    0.970055] Calibrating delay loop (skipped) preset value.. 3990.76 BogoMIPS (lpj=7981528)
[    0.972350] pid_max: default: 32768 minimum: 301
[    0.973565] ACPI: Core revision 20150930
[    0.975993] ACPI: 2 ACPI AML tables successfully acquired and loaded
[    0.977764] Security Framework initialized
[    0.978880] Yama: becoming mindful.
[    0.980061] AppArmor: AppArmor initialized
[    0.981335] Dentry cache hash table entries: 131072 (order: 8, 1048576 bytes)
[    0.987342] Inode-cache hash table entries: 65536 (order: 7, 524288 bytes)
[    0.989425] Mount-cache hash table entries: 2048 (order: 2, 16384 bytes)
[    0.991244] Mountpoint-cache hash table entries: 2048 (order: 2, 16384 bytes)
[    0.993522] Initializing cgroup subsys io
[    0.994624] Initializing cgroup subsys memory
[    0.995834] Initializing cgroup subsys devices
[    0.999838] Initializing cgroup subsys freezer
[    1.001061] Initializing cgroup subsys net_cls
[    1.002243] Initializing cgroup subsys perf_event
[    1.003497] Initializing cgroup subsys net_prio
[    1.005036] Initializing cgroup subsys hugetlb
[    1.006222] Initializing cgroup subsys pids
[    1.007459] CPU: Physical Processor ID: 0
[    1.008575] CPU: Processor Core ID: 0
[    1.010820] mce: CPU supports 0 MCE banks
[    1.011951] Last level iTLB entries: 4KB 64, 2MB 8, 4MB 8
[    1.013307] Last level dTLB entries: 4KB 64, 2MB 0, 4MB 0, 1GB 4
[    1.049838] Spectre V2 : Mitigation: Full generic retpoline
[    1.064252] Spectre V2 : Speculation control IBPB not-supported IBRS not-supported
[    1.073164] Speculative Store Bypass: Vulnerable
[    1.094971] Freeing SMP alternatives memory: 32K
[    1.116424] ftrace: allocating 32245 entries in 126 pages
[    1.215589] smpboot: APIC(0) Converting physical 0 to logical package 0
[    1.229117] smpboot: Max logical packages: 1
[    1.230793] x2apic enabled
[    1.232043] Switched APIC routing to physical x2apic.
[    1.234915] ..TIMER: vector=0x30 apic1=0 pin1=2 apic2=-1 pin2=-1
[    1.343695] smpboot: CPU0: Intel(R) Core(TM) i3-5005U CPU @ 2.00GHz (family: 0x6, model: 0x3d, stepping: 0x4)
[    1.348941] Performance Events: unsupported p6 CPU model 61 no PMU driver, software events only.
[    1.358141] KVM setup paravirtual spinlock
[    1.360787] x86: Booting SMP configuration:
[    1.362266] .... node  #0, CPUs:      #1
[    1.363829] kvm-clock: cpu 1, msr 0:3ffe3041, secondary cpu clock
[    1.366456] mce: CPU supports 0 MCE banks
[    1.369415] x86: Booted up 1 node, 2 CPUs
[    1.371386] smpboot: Total of 2 processors activated (7981.52 BogoMIPS)
[    1.374026] devtmpfs: initialized
[    1.381312] evm: security.selinux
[    1.382572] evm: security.SMACK64
[    1.398997] evm: security.SMACK64EXEC
[    1.400250] evm: security.SMACK64TRANSMUTE
[    1.401384] evm: security.SMACK64MMAP
[    1.402453] evm: security.ima
[    1.403359] evm: security.capability
[    1.404671] clocksource: jiffies: mask: 0xffffffff max_cycles: 0xffffffff, max_idle_ns: 7645041785100000 ns
[    1.407269] futex hash table entries: 512 (order: 3, 32768 bytes)
[    1.408983] pinctrl core: initialized pinctrl subsystem
[    1.410944] RTC time: 21:42:59, date: 07/26/18
[    1.414319] NET: Registered protocol family 16
[    1.428550] cpuidle: using governor ladder
[    1.441381] cpuidle: using governor menu
[    1.444431] PCCT header not found.
[    1.445517] ACPI: bus type PCI registered
[    1.446651] acpiphp: ACPI Hot Plug PCI Controller Driver version: 0.5
[    1.451157] PCI: Using configuration type 1 for base access
[    1.478955] ACPI: Added _OSI(Module Device)
[    1.490882] ACPI: Added _OSI(Processor Device)
[    1.498131] ACPI: Added _OSI(3.0 _SCP Extensions)
[    1.517433] ACPI: Added _OSI(Processor Aggregator Device)
[    1.540909] ACPI: Executed 1 blocks of module-level executable AML code
[    1.558378] ACPI: Interpreter enabled
[    1.567024] ACPI: (supports S0 S5)
[    1.569823] ACPI: Using IOAPIC for interrupt routing
[    1.579931] PCI: Using host bridge windows from ACPI; if necessary, use "pci=nocrs" and report a bug
[    1.612927] ACPI: PCI Root Bridge [PCI0] (domain 0000 [bus 00-ff])
[    1.637590] acpi PNP0A03:00: _OSC: OS supports [ASPM ClockPM Segments MSI]
[    1.663362] acpi PNP0A03:00: _OSC: not requesting OS control; OS requires [ExtendedConfig ASPM ClockPM MSI]
[    1.672140] acpi PNP0A03:00: fail to add MMCONFIG information, can't access extended PCI configuration space under this bridge.
[    1.701646] PCI host bridge to bus 0000:00
[    1.712717] pci_bus 0000:00: root bus resource [io  0x0000-0x0cf7 window]
[    1.721854] pci_bus 0000:00: root bus resource [io  0x0d00-0xffff window]
[    1.731425] pci_bus 0000:00: root bus resource [mem 0x000a0000-0x000bffff window]
[    1.767895] pci_bus 0000:00: root bus resource [mem 0x40000000-0xfdffffff window]
[    1.789580] pci_bus 0000:00: root bus resource [bus 00-ff]
[    1.810758] pci 0000:00:01.1: legacy IDE quirk: reg 0x10: [io  0x01f0-0x01f7]
[    1.825018] pci 0000:00:01.1: legacy IDE quirk: reg 0x14: [io  0x03f6]
[    1.835928] pci 0000:00:01.1: legacy IDE quirk: reg 0x18: [io  0x0170-0x0177]
[    1.857961] pci 0000:00:01.1: legacy IDE quirk: reg 0x1c: [io  0x0376]
[    1.886252] pci 0000:00:07.0: quirk: [io  0x4000-0x403f] claimed by PIIX4 ACPI
[    1.905879] pci 0000:00:07.0: quirk: [io  0x4100-0x410f] claimed by PIIX4 SMB
[    1.921813] ACPI: PCI Interrupt Link [LNKA] (IRQs 5 9 10 *11)
[    1.931765] ACPI: PCI Interrupt Link [LNKB] (IRQs 5 9 *10 11)
[    1.952979] ACPI: PCI Interrupt Link [LNKC] (IRQs 5 *9 10 11)
[    1.971389] ACPI: PCI Interrupt Link [LNKD] (IRQs 5 9 10 *11)
[    1.985264] ACPI: Enabled 2 GPEs in block 00 to 07
[    2.005095] vgaarb: setting as boot device: PCI:0000:00:02.0
[    2.015360] vgaarb: device added: PCI:0000:00:02.0,decodes=io+mem,owns=io+mem,locks=none
[    2.022294] vgaarb: loaded
[    2.027132] vgaarb: bridge control possible 0000:00:02.0
[    2.035252] SCSI subsystem initialized
[    2.038626] ACPI: bus type USB registered
[    2.049725] usbcore: registered new interface driver usbfs
[    2.054400] usbcore: registered new interface driver hub
[    2.068333] usbcore: registered new device driver usb
[    2.081489] PCI: Using ACPI for IRQ routing
[    2.088007] NetLabel: Initializing
[    2.098369] NetLabel:  domain hash size = 128
[    2.103130] NetLabel:  protocols = UNLABELED CIPSOv4
[    2.114825] NetLabel:  unlabeled traffic allowed by default
[    2.128094] amd_nb: Cannot enumerate AMD northbridges
[    2.136164] clocksource: Switched to clocksource kvm-clock
[   .12014] AppArmor: AppArmor Filesystem Enabled
[    2.240075] pnp: PnP ACPIint
[   2300546] pnp: PnP API: found 3 devices

[    2.402371] clocksource: acpi_pm: mask: 0xffffff max_cycles: 0xffffff, max_idle_ns: 2085701024 ns
[    2.405949] NET: Registered protocol family 2
[    2.407953] TCP established hash table entries: 8192 (order: 4, 65536 bytes)
[   2.410409] TCP bind hash table entries: 8192 (order: 5, 131072 bytes)
[    2.443669] TCP: Hash tables configured (established 8192 bind 8192)
[    2.445709] UDP hash table entries: 512 (order: 2, 16384 bytes)
[    2.447743] UDP-Lite hash table entries: 512 (order: 2, 16384 bytes)
[    2.450161] NET: Registered protocol family 1
[    2.451719] pci 0000:00:00.0: Limiting direct PCI/PCI transfers
[    2.454010] pci 0000:00:01.0: Activating ISA DMA hang workarounds
[    2.456428] Unpacking initramfs...

[    2.824765] Freeing initrd memory: 14792K
[    2.828394] RAPL PMU detected, API unit is 2^-32 Joules, 4 fixed counters 10737418240 ms ovfl timer
[    2.833435] hw unit of domain pp0-core 2^-0 Joules
[    2.840045] hw unit of domain package 2^-0 Joules
[    2.843119] hw unit of domain dram 2^-0 Joules
[    2.844784] hw unit of domain pp1-gpu 2^-0 Joules
[    2.851485] platform rtc_cmos: registered platform RTC device (no PNP device found)
[    2.865439] Scanning for low memory corruption every 60 seconds
[    2.878521] audit: initializing netlink subsys (disabled)
[    2.880416] audit: type=2000 audit(1532641385.299:1): initialized
[    2.883021] Initialise system trusted keyring
[    2.884807] HugeTLB registered 2 MB page size, pre-allocated 0 pages
[    2.890230] zbud: loaded
[    2.892394] VFS: Disk quotas dquot_6.6.0
[    2.894225] VFS: Dquot-cache hash table entries: 512 (order 0, 4096 bytes)
[    2.906947] squashfs: version 4.0 (2009/01/31) Phillip Lougher
[    2.911643] fuse init (API version 7.23)
[    2.913637] Key type big_key registered
[    2.918561] Allocating IMA MOK and blacklist keyrings.
[    2.922218] Key type asymmetric registered
[    2.923616] Asymmetric key parser 'x509' registered
[    2.925357] Block layer SCSI generic (bsg) driver version 0.4 loaded (major 249)
[    2.930215] io scheduler noop registered
[    2.931710] io scheduler deadline registered (default)
[    2.933688] io scheduler cfq registered
[    2.935154] pci_hotplug: PCI Hot Plug PCI Core version: 0.5
[    2.936934] pciehp: PCI Express Hot Plug Controller Driver version: 0.4
[    2.939245] ACPI: AC Adapter [AC] (on-line)
[    2.940896] input: Power Button as /devices/LNXSYSTM:00/LNXPWRBN:00/input/input0
[    2.943406] ACPI: Power Button [PWRF]
[    2.944857] input: Sleep Button as /devices/LNXSYSTM:00/LNXSLPBN:00/input/input1
[    2.947314] ACPI: Sleep Button [SLPF]
[    2.950935] GHES: HEST is not enabled!
[    2.953527] ACPI: Battery Slot [BAT0] (battery present)
[    2.955572] Serial: 8250/16550 driver, 32 ports, IRQ sharing enabled
[    2.981246] 00:02: ttyS0 at I/O 0x3f8 (irq = 4, base_baud = 115200) is a 16550A
[    2.987629] Linux agpgart interface v0.103
[    2.992439] loop: module loaded
[    2.994654] scsi host0: ata_piix
[    2.996129] scsi host1: ata_piix
[    2.997536] ata1: PATA max UDMA/33 cmd 0x1f0 ctl 0x3f6 bmdma 0xd000 irq 14
[    3.000226] ata2: PATA max UDMA/33 cmd 0x170 ctl 0x376 bmdma 0xd008 irq 15
[    3.002881] libphy: Fixed MDIO Bus: probed
[    3.017337] tun: Universal TUN/TAP device driver, 1.6
[    3.019162] tun: (C) 1999-2004 Max Krasnyansky <maxk@qualcomm.com>
[    3.021294] PPP generic driver version 2.4.2
[    3.022974] ehci_hcd: USB 2.0 'Enhanced' Host Controller (EHCI) Driver
[    3.025025] ehci-pci: EHCI PCI platform driver
[    3.026505] ehci-platform: EHCI generic platform driver
[    3.028079] ohci_hcd: USB 1.1 'Open' Host Controller (OHCI) Driver
[    3.030383] ohci-pci: OHCI PCI platform driver
[    3.032371] ohci-platform: OHCI generic platform driver
[    3.034242] uhci_hcd: USB Universal Host Controller Interface driver
[    3.036416] i8042: PNP: PS/2 Controller [PNP0303:PS2K,PNP0f03:PS2M] at 0x60,0x64 irq 1,12
[    3.040387] serio: i8042 KBD port at 0x60,0x64 irq 1
[    3.042007] serio: i8042 AUX port at 0x60,0x64 irq 12
[    3.044004] mousedev: PS/2 mouse device common for all mice
[    3.046768] input: AT Translated Set 2 keyboard as /devices/platform/i8042/serio0/input/input2
[    3.050436] rtc_cmos rtc_cmos: rtc core: registered rtc_cmos as rtc0
[    3.052749] rtc_cmos rtc_cmos: alarms up to one day, 114 bytes nvram
[    3.054747] i2c /dev entries driver
[    3.056043] device-mapper: uevent: version 1.0.3
[    3.057716] device-mapper: ioctl: 4.34.0-ioctl (2015-10-28) initialised: dm-devel@redhat.com
[    3.060409] ledtrig-cpu: registered to indicate activity on CPUs
[    3.063208] NET: Registered protocol family 10
[    3.065071] NET: Registered protocol family 17
[    3.066870] Key type dns_resolver registered
[    3.069082] registered taskstats version 1
[    3.073340] Loading compiled-in X.509 certificates
[    3.076908] Loaded X.509 cert 'Build time autogenerated kernel key: 8f274abdf49cd12572c1533a34d1eafea768213f'
[    3.080719] zswap: loaded using pool lzo/zbud
[    3.086570] Key type trusted registered
[    3.093984] Key type encrypted registered
[    3.095493] AppArmor: AppArmor sha1 policy hashing enabled
[    3.097617] ima: No TPM chip found, activating TPM-bypass!
[    3.099589] ima: Allocated hash algorithm: sha1
[    3.101172] evm: HMAC attrs: 0x1
[    3.102767]   Magic number: 10:872:753
[    3.104077] tty ttyS4: hash matches
[    3.110569] rtc_cmos rtc_cmos: setting system clock to 2018-07-26 21:43:01 UTC (1532641381)
[    3.113503] BIOS EDD facility v0.16 2004-Jun-25, 0 devices found
[    3.115714] EDD information not available.
[    3.157797] Freeing unused kernel memory: 1516K
[    3.159426] Write protecting the kernel read-only data: 14336k
[    3.161564] Freeing unused kernel memory: 1680K
[    3.163116] Freeing unused kernel memory: 96K
Loading, please wait...
starting version 229
[    3.181028] random: systemd-udevd: uninitialized urandom read (16 bytes read, 3 bits of entropy available)
[    3.181809] random: udevadm: uninitialized urandom read (16 bytes read, 3 bits of entropy available)
[    3.181843] random: udevadm: uninitialized urandom read (16 bytes read, 3 bits of entropy available)
[    3.195868] random: udevadm: uninitialized urandom read (16 bytes read, 3 bits of entropy available)
[    3.195928] random: udevadm: uninitialized urandom read (16 bytes read, 3 bits of entropy available)
[    3.196112] random: udevadm: uninitialized urandom read (16 bytes read, 3 bits of entropy available)
[    3.196181] random: udevadm: uninitialized urandom read (16 bytes read, 3 bits of entropy available)
[    3.196408] random: udevadm: uninitialized urandom read (16 bytes read, 3 bits of entropy available)
[    3.196511] random: udevadm: uninitialized urandom read (16 bytes read, 3 bits of entropy available)
[    3.196606] random: udevadm: uninitialized urandom read (16 bytes read, 3 bits of entropy available)
[    3.277797] e1000: Intel(R) PRO/1000 Network Driver - version 7.3.21-k8-NAPI
[    3.279752] e1000: Copyright (c) 1999-2006 Intel Corporation.
[    3.288760] Fusion MPT base driver 3.04.20
[    3.290565] Copyright (c) 1999-2008 LSI Corporation
[    3.303724] Fusion MPT SPI Host driver 3.04.20
[    3.335768] AVX2 version of gcm_enc/dec engaged.
[    3.337458] AES CTR mode by8 optimization enabled
[    3.505651] input: ImExPS/2 Generic Explorer Mouse as /devices/platform/i8042/serio1/input/input4
[    3.701123] e1000 0000:00:03.0 eth0: (PCI:33MHz:32-bit) 02:36:69:53:64:11
[    3.705785] e1000 0000:00:03.0 eth0: Intel(R) PRO/1000 Network Connection
[    3.708452] mptbase: ioc0: Initiating bringup
[    3.787105] ioc0: LSI53C1030 A0: Capabilities={Initiator[    3.848368] tsc: Refined TSC clocksource calibration: 1994.942 MHz
[    3.848371] clocksource: tsc: mask: 0xffffffffffffffff max_cycles: 0x39830871ee7, max_idle_ns: 881590480653 ns

[    4.390502] }
[    5.370700] scsi host2: ioc0: LSI53C1030 A0, FwRev=00000000h, Ports=1, MaxQ=256, IRQ=20
[    5.710152] scsi 2:0:0:0: Direct-Access     VBOX     HARDDISK         1.0  PQ: 0 ANSI: 5
[    5.730865] scsi target2:0:0: Beginning Domain Validation
[    5.734219] scsi target2:0:0: Domain Validation skipping write tests
[    5.736139] scsi target2:0:0: Ending Domain Validation
[    5.737918] scsi target2:0:0: asynchronous
[    5.740332] scsi 2:0:1:0: Direct-Access     VBOX     HARDDISK         1.0  PQ: 0 ANSI: 5
[    5.743496] scsi target2:0:1: Beginning Domain Validation
[    5.746732] scsi target2:0:1: Domain Validation skipping write tests
[    5.749070] scsi target2:0:1: Ending Domain Validation
[    5.750981] scsi target2:0:1: asynchronous
[    5.777567] sd 2:0:0:0: Attached scsi generic sg0 type 0
[    5.779646] sd 2:0:0:0: [sda] 20971520 512-byte logical blocks: (10.7 GB/10.0 GiB)
[    5.784378] sd 2:0:1:0: Attached scsi generic sg1 type 0
[    5.795934] sd 2:0:1:0: [sdb] 20480 512-byte logical blocks: (10.5 MB/10.0 MiB)
[    5.798847] sd 2:0:0:0: [sda] Write Protect is off
[    5.812304] sd 2:0:0:0: [sda] Incomplete mode parameter data
[    5.814200] sd 2:0:0:0: [sda] Assuming drive cache: write through
[    5.820082] sd 2:0:1:0: [sdb] Write Protect is off
[    5.822081] sd 2:0:1:0: [sdb] Incomplete mode parameter data
[    5.829324] sd 2:0:1:0: [sdb] Assuming drive cache: write through
[    5.885507]  sda: sda1
[    5.887604] sd 2:0:0:0: [sda] Attached SCSI disk
[    5.917162] sd 2:0:1:0: [sdb] Attached SCSI disk
[    6.162729] e1000 0000:00:08.0 eth1: (PCI:33MHz:32-bit) 08:00:27:c6:ab:f5
[    6.179257] e1000 0000:00:08.0 eth1: Intel(R) PRO/1000 Network Connection
[    6.193876] e1000 0000:00:08.0 enp0s8: renamed from eth1
[    6.220643] e1000 0000:00:03.0 enp0s3: renamed from eth0
Begin: Loading essential drivers ... [    7.696083] md: linear personality registered for level -1
[    7.714650] md: multipath personality registered for level -4
[    7.720458] md: raid0 personality registered for level 0
[    7.727647] md: raid1 personality registered for level 1
[    7.800536] raid6: sse2x1   gen()  6038 MB/s
[    7.876269] raid6: sse2x1   xor()  4318 MB/s
[    7.944630] raid6: sse2x2   gen()  6018 MB/s
[    8.012233] raid6: sse2x2   xor()  4803 MB/s
[    8.084641] raid6: sse2x4   gen()  8552 MB/s
[    8.152514] raid6: sse2x4   xor()  6021 MB/s
[    8.232592] raid6: avx2x1   gen() 11833 MB/s
[    8.316465] raid6: avx2x2   gen() 13427 MB/s
[    8.384240] raid6: avx2x4   gen() 15072 MB/s
[    8.385465] raid6: using algorithm avx2x4 gen() 15072 MB/s
[    8.386826] raid6: using avx2x2 recovery algorithm
[    8.390040] xor: automatically using best checksumming function:
[    8.428312]    avx       : 16967.000 MB/sec
[    8.431529] async_tx: api initialized (async)
[    8.449078] md: raid6 personality registered for level 6
[    8.451150] md: raid5 personality registered for level 5
[    8.459594] md: raid4 personality registered for level 4
[    8.472987] md: raid10 personality registered for level 10
done.
Begin: Running /scripts/init-premount ... done.
Begin: Mounting root file system ... Begin: Running /scripts/local-top ... done.
Begin: Running /scripts/local-premount ... [    8.517221] Btrfs loaded
Scanning for Btrfs filesystems
done.
Warning: fsck not present, so skipping root file system
[    8.606851] EXT4-fs (sda1): mounted filesystem with ordered data mode. Opts: (null)
done.
Begin: Running /scripts/local-bottom ... done.
Begin: Running /scripts/init-bottom ... done.
[    9.150979] random: nonblocking pool is initialized
[    9.613291] systemd[1]: systemd 229 running in system mode. (+PAM +AUDIT +SELINUX +IMA +APPARMOR +SMACK +SYSVINIT +UTMP +LIBCRYPTSETUP +GCRYPT +GNUTLS +ACL +XZ -LZ4 +SECCOMP +BLKID +ELFUTILS +KMOD -IDN)
[    9.683731] systemd[1]: Detected virtualization oracle.
[    9.696330] systemd[1]: Detected architecture x86-64.

Welcome to [1mUbuntu 16.04.5 LTS[0m!

[    9.781061] systemd[1]: Set hostname to <ubuntu-xenial>.
[   11.203254] systemd[1]: Created slice User and Session Slice.
[[0;32m  OK  [0m] Created slice User and Session Slice.
[   11.235339] systemd[1]: Started Trigger resolvconf update for networkd DNS.
[[0;32m  OK  [0m] Started Trigger resolvconf update for networkd DNS.
[   11.268985] systemd[1]: Listening on /dev/initctl Compatibility Named Pipe.
[[0;32m  OK  [0m] Listening on /dev/initctl Compatibility Named Pipe.
[   11.332557] systemd[1]: Reached target Swap.
[[0;32m  OK  [0m] Reached target Swap.
[   11.335749] systemd[1]: Started Forward Password Requests to Wall Directory Watch.
[[0;32m  OK  [0m] Started Forward Password Requests to Wall Directory Watch.
[   11.346774] systemd[1]: Created slice System Slice.
[[0;32m  OK  [0m] Created slice System Slice.
[   11.350393] systemd[1]: Created slice system-serial\x2dgetty.slice.
[[0;32m  OK  [0m] Created slice system-serial\x2dgetty.slice.
[   11.356994] systemd[1]: Listening on Journal Socket (/dev/log).
[[0;32m  OK  [0m] Listening on Journal Socket (/dev/log).
[   11.360171] systemd[1]: Listening on Journal Socket.
[[0;32m  OK  [0m] Listening on Journal Socket.
[   11.384816] systemd[1]: Starting Nameserver information manager...
         Starting Nameserver information manager...
[   11.388237] systemd[1]: Reached target System Time Synchronized.
[[0;32m  OK  [0m] Reached target System Time Synchronized.
[   11.391479] systemd[1]: Listening on LVM2 metadata daemon socket.
[[0;32m  OK  [0m] Listening on LVM2 metadata daemon socket.
[   11.394710] systemd[1]: Set up automount Arbitrary Executable File Formats File System Automount Point.
[[0;32m  OK  [0m] Set up automount Arbitrary Executab...ats File System Automount Point.
[   11.446834] systemd[1]: Listening on LVM2 poll daemon socket.
[[0;32m  OK  [0m] Listening on LVM2 poll daemon socket.
[   11.473059] systemd[1]: Listening on Syslog Socket.
[[0;32m  OK  [0m] Listening on Syslog Socket.
[   11.500922] systemd[1]: Starting Uncomplicated firewall...
         Starting Uncomplicated firewall...
[   11.548990] systemd[1]: Mounting Debug File System...
         Mounting Debug File System...
[   11.593054] systemd[1]: Starting Create list of required static device nodes for the current kernel...
         Starting Create list of required st... nodes for the current kernel...
[   11.660925] systemd[1]: Starting Set console keymap...
         Starting Set console keymap...
[   11.692773] systemd[1]: Listening on Device-mapper event daemon FIFOs.
[[0;32m  OK  [0m] Listening on Device-mapper event daemon FIFOs.
[   11.760411] systemd[1]: Starting Monitoring of LVM2 mirrors, snapshots etc. using dmeventd or progress polling...
         Starting Monitoring of LVM2 mirrors... dmeventd or progress polling...
[   11.819702] systemd[1]: Reached target Encrypted Volumes.
[[0;32m  OK  [0m] Reached target Encrypted Volumes.
[   11.877240] systemd[1]: Starting Remount Root and Kernel File Systems...
         Starting Remount Root and Kernel File Systems...
[   11.897506] systemd[1]: Listening on Journal Audit Socket.
[[0;32m  OK  [0[   11.904504] EXT4-fs (sda1): re-mounted. Opts: (null)
m] Listening on Journal Audit Socket.
[   11.965044] systemd[1]: Starting Journal Service...
         Starting Journal Service...
[   11.987302] systemd[1]: Reached target User and Group Name Lookups.
[[0;32m  OK  [0m] Reached target User and Group Name Lookups.
[   12005181]systemd[1]: Listening on udev Kernel Socke.

[[0;32m  OK  [0m] Listening on udev Kernel Socket.
[   12.153243] systemd[1]: Mounting Huge Pages File System...
         Mounting Huge Pages File System...
[   12.166566] systemd[1]: Mounting POSIX Message Queue File System...
         Mounting POSIX Message Queue File System...
[   12.217498] systemd[1]: Starting Load Kernel Modules...
         Starting Load Kernel Modules...
[   12.237249] systemd[1]: Reached target Slices.
[[0;32m  OK  [0m] Reached target Slices.
[   12.254856] systemd[1]: Listening on udev Control Socket.
[[0;32m  OK  [0m] Listening on udev Control Socket.
[   12.307032] systemd[1]: Mounted Debug File System.
[[0;32m  OK  [0m] Mounted Debug File System.
[   12.321029] systemd[1]: Mounted Huge Pages File System.
[[0;32m  OK  [0m] Mounted Huge Pages File System.
[   12.331352] systemd[1]: Mounted POSIX Message Queue File System.
[[0;32m  OK  [0m] Mounted POSIX Message Queue File System.
[   12.347659] systemd[1]: Started Journal Service.
[[   12.350488] Loading iSCSI transport class v2.0-870.
[0;32m  OK  [0m] Started Journal Service.
[[0;32m  OK  [0m] Started Uncomplicated firewall.
[[0;32m  OK  [0m] Started Create list of required sta...ce nodes for the current kernel.
[[0;32m  OK  [0m] Started Set console keymap.
[[0;32m  OK  [0m] Started Remount Root and Kernel File Systems.[   12.435350] iscsi: registered transport (tcp)

[[0;32m  OK  [0m] Started Nameserver information manager.
[[0;32m  OK  [0m] Started LVM2 metadata daemon.
         Starting udev Coldplug all Devices...
         Starting Load/Save Random Seed...
         Starting Create Static Device Nodes in /dev...
         Starting Flush Journal to Persistent Storage...
[   12.593300] iscsi: registered transport (iser)
[[0;32m  OK  [0m] Started Load Kernel Modules.
[[0;32m  OK  [0m] Started Load/Save Random Seed.
         Starting Apply Kernel Variables...
         Mounting FUSE Control File System...
[[0;32m  OK  [0m] Mounted FUSE Control File System.
[[0;32m  OK  [0m] Started udev Coldplug all Devices.
[   12.720110] systemd-journald[391]: Received request to flush runtime journal from PID 1
[[0;32m  OK  [0m] Started Flush Journal to Persistent Storage.
[[0;32m  OK  [0m] Started Apply Kernel Variables.
[[0;32m  OK  [0m] Started Create Static Device Nodes in /dev.
         Starting udev Kernel Device Manager...
[[0;32m  OK  [0m] Started Monitoring of LVM2 mirrors,...ng dmeventd or progress polling.
[[0;32m  OK  [0m] Started udev Kernel Device Manager.
[[0;32m  OK  [0m] Started Dispatch Password Requests to Console Directory Watch.
[[0;32m  OK  [0m] Reached target Local File Systems (Pre).
[[0;32m  OK  [0m] Reached target Local File Systems.
         Starting Create Volatile Files and Directories...
         Starting LSB: AppArmor initialization...
         Starting Tell Plymouth To Write Out Runtime Data...
         Starting Initial cloud-init job (pre-networking)...
         Starting Set console font and keymap...
[[0;32m  OK  [0m] Started Tell Plymouth To Write Out Runtime Data.
[[0;32m  OK  [0m] Found device /dev/ttyS0.
[[0;32m  OK  [0m] Started Create Volatile Files and Directories.
         Starting Update UTMP about System Boot/Shutdown...
[[0;32m  OK  [0m] Listening on Load/Save RF Kill Switch Status /dev/rfkill Watch.
[[0;32m  OK  [0m] Started Update UTMP about System Boot/Shutdown.
[[0;32m  OK  [0m] Found device 82540EM Gigabit Ethern...r (PRO/1000 MT Desktop Adapter).
[[0;32m  OK  [0m] Found device 82540EM Gigabit Ethern...r (PRO/1000 MT Desktop Adapter).
[[0;32m  OK  [0m] Started Set console font and keymap.
[[0;32m  OK  [0m] Created slice system-getty.slice.
[[0;32m  OK  [0m] Started LSB: AppArmor initialization.
[   19.375351] cloud-init[483]: Cloud-init v. 18.2 running 'init-local' at Thu, 26 Jul 2018 21:43:18 +0000. Up 18.42 seconds.
[[0;32m  OK  [0m] Started Initial cloud-init job (pre-networking).
[[0;32m  OK  [0m] Reached target Network (Pre).
[[0;32m  OK  [0m] Started ifup for enp0s3.
[[0;32m  OK  [0m] Started ifup for enp0s8.
         Starting Raise network interfaces...
[[0;32m  OK  [0m] Started Raise network interfaces.
         Starting Initial cloud-init job (metadata service crawler)...
[[0;32m  OK  [0m] Reached target Network.
[   21.290054] cloud-init[1056]: Cloud-init v. 18.2 running 'init' at Thu, 26 Jul 2018 21:43:20 +0000. Up 20.31 seconds.
[   21.309709] cloud-init[1056]: ci-info: ++++++++++++++++++++++++++++++++++++++Net device info++++++++++++++++++++++++++++++++++++++
[   21.314591] cloud-init[1056]: ci-info: +--------+------+-----------------------------+---------------+-------+-------------------+
[   21.342125] cloud-init[1056]: ci-info: | Device |  Up  |           Address           |      Mask     | Scope |     Hw-Address    |
[   21.345434] cloud-init[1056]: ci-info: +--------+------+-----------------------------+---------------+-------+-------------------+
[   21.348944] cloud-init[1056]: ci-info: | enp0s3 | True |          10.0.2.15          | 255.255.255.0 |   .   | 02:36:69:53:64:11 |
[   21.352053] cloud-init[1056]: ci-info: | enp0s3 | True |  fe80::36:69ff:fe53:6411/64 |       .       |  link | 02:36:69:53:64:11 |
[   21.356830] cloud-init[1056]: ci-info: | enp0s8 | True |        192.168.33.10        | 255.255.255.0 |   .   | 08:00:27:c6:ab:f5 |
[   21.397042] cloud-init[1056]: ci-info: | enp0s8 | True | fe80::a00:27ff:fec6:abf5/64 |       .       |  link | 08:00:27:c6:ab:f5 |
[   21.397464] cloud-init[1056]: ci-info: |   lo   | True |          127.0.0.1          |   255.0.0.0   |   .   |         .         |
[[0;32m  OK  [0m] Started Initial cloud-init job (metadata service crawler).
[   21.397736] cloud-init[1056]: ci-info: |   lo   | True |           ::1/128           |       .       |  host |         .         |
[   21.716712] cloud-init[1056]: ci-info: +--------+------+-----------------------------+---------------+-------+-------------------+
[   21.717113] cloud-init[1056]: ci-info: ++++++++++++++++++++++++++++Route IPv4 info++++++++++++++++++++++++++++
[   21.719101] cloud-init[1056]: ci-info: +-------+--------------+----------+---------------+-----------+-------+
[[0;32m  OK  [0m] Reached target System Initialization.
[   21.719457] cloud-init[1056]: ci-info: | Route | Destination  | Gateway  |    Genmask    | Interface | Flags |
[   21.832295] cloud-init[1056]: ci-info: +-------+--------------+----------+---------------+-----------+-------+
[   21.845506] cloud-init[1056]: ci-info: |   0   |   0.0.0.0    | 10.0.2.2 |    0.0.0.0    |   enp0s3  |   UG  |
[   21.848458] cloud-init[1056]: ci-info: |   1   |   10.0.2.0   | 0.0.0.0  | 255.255.255.0 |   enp0s3  |   U   |
[   21.851300] cloud-init[1056]: ci-info: |   2   | 192.168.33.0 | 0.0.0.0  | 255.255.255.0 |   enp0s8  |   U   |
[   21.906200] cloud-init[1056]: ci-info: +-------+--------------+----------+---------------+-----------+-------+
         Starting LXD - unix socket.
[[0;32m  OK  [0m] Started Daily Cleanup of Temporary Directories.
         Starting Socket activation for snappy daemon.
[[0;32m  OK  [0m] Started Daily apt download activities.
[[0;32m  OK  [0m] Started ACPI Events Check.
[[0;32m  OK  [0m] Reached target Paths.
[[0;32m  OK  [0m] Listening on D-Bus System Message Bus Socket.
[[0;32m  OK  [0m] Started Daily apt upgrade and clean activities.
[[0;32m  OK  [0m] Reached target Timers.
[[0;32m  OK  [0m] Listening on ACPID Listen Socket.
[[0;32m  OK  [0m] Listening on UUID daemon activation socket.
[[0;32m  OK  [0m] Reached target Network is Online.
         Starting iSCSI initiator daemon (iscsid)...
[[0;32m  OK  [0m] Reached target Cloud-config availability.
[[0;32m  OK  [0m] Listening on LXD - unix socket.
[[0;32m  OK  [0m] Listening on Socket activation for snappy daemon.
[[0;32m  OK  [0m] Reached target Sockets.
[[0;32m  OK  [0m] Reached target Basic System.
[[0;32m  OK  [0m] Started FUSE filesystem for LXC.
         Starting LSB: Record successful boot for GRUB...
         Starting Puppet agent...
[[0;32m  OK  [0m] Started D-Bus System Message Bus.
         Starting LSB: MD monitoring daemon...
         Starting LXD - container startup/shutdown...
[[0;32m  OK  [0m] Started ACPI event daemon.
         Starting Accounts Service...
         Starting Pollinate to seed the pseudo random number generator...
         Starting Apply the settings specified in cloud-config...
         Starting /etc/rc.local Compatibility...
         Starting Login Service...
         Starting Virtualbox guest utils...
[[0;32m  OK  [0m] Started Deferred execution scheduler.
[[0;32m  OK  [0m] Started Regular background program processing daemon.
         Starting System Logging Service...
         Starting Snappy daemon...
[[0;32m  OK  [0m] Started Unattended Upgrades Shutdown.
[[0;32m  OK  [0m] Started /etc/rc.local Compatibility.
[[0;32m  OK  [0m] Started Login Service.
[[0;32m  OK  [0m] Started iSCSI initiator daemon (iscsid).
         Starting Login to default iSCSI targets...
[[0;32m  OK  [0m] Started LSB: MD monitoring daemon.
[[0;32m  OK  [0m] Started LSB: Record successful boot for GRUB.
[[0;32m  OK  [0m] Started Login to default iSCSI targets.
[[0;32m  OK  [0m] Reached target Remote File Systems (Pre).
[[0;32m  OK  [0m] Reached target Remote File Systems.
         Starting LSB: automatic crash report generation...
         Starting LSB: Set the CPU Frequency Scaling governor to "ondemand"...
         Starting LSB: daemon to balance interrupts for SMP systems...
         Starting Permit User Sessions...
         Starting LSB: Start Tomcat....
[[0;32m  OK  [0m] Started LSB: Set the CPU Frequency Scaling governor to "ondemand".
[[0;32m  OK  [0m] Started Permit User Sessions.
[[0;32m  OK  [0m] Started System Logging Service.
         Starting Terminate Plymouth Boot Screen...
         Starting Hold until boot process finishes up...
[[0;32m  OK  [0m] Started Hold until boot process finishes up.
[[0;32m  OK  [0m] Started Terminate Plymouth Boot Screen.
[[0;32m  OK  [0m] Started Getty on tty1.
[[0;32m  OK  [0m] Started Serial Getty on ttyS0.
[[0;32m  OK  [0m] Reached target Login Prompts.
         Starting Set console scheme...
[[0;32m  OK  [0m] Started Set console scheme.
[[0;32m  OK  [0m] Started LSB: automatic crash report generation.
[[0;32m  OK  [0m] Started Virtualbox guest utils.
[[0;32m  OK  [0m] Started LSB: daemon to balance interrupts for SMP systems.
[   25.220732] cloud-init[1135]: Cloud-init v. 18.2 running 'modules:config' at Thu, 26 Jul 2018 21:43:23 +0000. Up 23.26 seconds.
[[0;32m  OK  [0m] Started Apply the settings specified in cloud-config.
         Starting Authenticate and Authorize Users to Run Privileged Tasks...
[[0;32m  OK  [0m] Started Authenticate and Authorize Users to Run Privileged Tasks.
[[0;32m  OK  [0m] Started Accounts Service.
[[0;32m  OK  [0m] Started Snappy daemon.
         Starting Wait until snapd is fully seeded...
[[0;32m  OK  [0m] Started LXD - container startup/shutdown.
[[0;32m  OK  [0m] Started Wait until snapd is fully seeded.

Ubuntu 16.04.5 LTS ubuntu-xenial ttyS0

ubuntu-xenial login: [   44.286394] cloud-init[1682]: Cloud-init v. 18.2 running 'modules:final' at Thu, 26 Jul 2018 21:43:43 +0000. Up 43.85 seconds.
[   44.287424] cloud-init[1682]: Cloud-init v. 18.2 finished at Thu, 26 Jul 2018 21:43:44 +0000. Datasource DataSourceNoCloud [seed=/dev/sdb][dsmode=net].  Up 44.26 seconds
                  Stopping Serial Getty on ttyS0...
         Stopping System Logging Service...
         Stopping LSB: automatic crash report generation...
         Stopping LXD - container startup/shutdown...
         Stopping FUSE filesystem for LXC...
         Stopping D-Bus System Message Bus...
         Stopping LSB: Start Tomcat....
         Stopping Deferred execution scheduler...
         Stopping Virtualbox guest utils...
         Stopping Regular background program processing daemon...
         Stopping LSB: Set the CPU Frequency Scaling governor to "ondemand"...
         Stopping ACPI event daemon...
         Stopping Unattended Upgrades Shutdown...
[[0;32m  OK  [0m] Stopped Wait until snapd is fully seeded.
         Stopping Snappy daemon...
         Stopping User Manager for UID 1000...
[[0;32m  OK  [0m] Stopped Daily Cleanup of Temporary Directories.
[[0;32m  OK  [0m] Stopped Daily apt upgrade and clean activities.
[[0;32m  OK  [0m] Stopped Daily apt download activities.
[[0;32m  OK  [0m] Stopped target System Time Synchronized.
         Stopping LSB: daemon to balance interrupts for SMP systems...
         Stopping LSB: Record successful boot for GRUB...
         Stopping LSB: MD monitoring daemon...
         Stopping Puppet agent...
[[0;32m  OK  [0m] Stopped target Cloud-config availability.
[[0;32m  OK  [0m] Unmounted /var/lib/lxcfs.
[[0;32m  OK  [0m] Stopped ACPI event daemon.
[[0;32m  OK  [0m] Stopped Accounts Service.
[[0;32m  OK  [0m] Stopped Deferred execution scheduler.
[[0;32m  OK  [0m] Stopped Regular background program processing daemon.
[[0;32m  OK  [0m] Stopped System Logging Service.
[[0;32m  OK  [0m] Stopped Snappy daemon.
[[0;32m  OK  [0m] Stopped Getty on tty1.
[[0;32m  OK  [0m] Stopped Serial Getty on ttyS0.
[[0;32m  OK  [0m] Stopped Authenticate and Authorize Users to Run Privileged Tasks.
[[0;32m  OK  [0m] Stopped OpenBSD Secure Shell server.
[[0;32m  OK  [0m] Stopped Puppet agent.
[[0;32m  OK  [0m] Stopped User Manager for UID 1000.
[[0;32m  OK  [0m] Stopped Session 4 of user vagrant.
[[0;32m  OK  [0m] Stopped D-Bus System Message Bus.
[[0;32m  OK  [0m] Stopped Unattended Upgrades Shutdown.
[[0;32m  OK  [0m] Stopped FUSE filesystem for LXC.
[[0;32m  OK  [0m] Stopped LSB: automatic crash report generation.
[[0;32m  OK  [0m] Stopped LXD - container startup/shutdown.
[[0;32m  OK  [0m] Stopped LSB: Set the CPU Frequency Scaling governor to "ondemand".
[[0;32m  OK  [0m] Stopped Virtualbox guest utils.
[[0;32m  OK  [0m] Stopped LSB: daemon to balance interrupts for SMP systems.
[[0;32m  OK  [0m] Stopped LSB: Record successful boot for GRUB.
[[0;32m  OK  [0m] Stopped LSB: MD monitoring daemon.
[[0;32m  OK  [0m] Removed slice User Slice of vagrant.
         Stopping Login Service...
[[0;32m  OK  [0m] Removed slice system-serial\x2dgetty.slice.
[[0;32m  OK  [0m] Stopped /etc/rc.local Compatibility.
         Stopping Permit User Sessions...
[[0;32m  OK  [0m] Removed slice system-getty.slice.
[[0;32m  OK  [0m] Stopped Permit User Sessions.
[[0;32m  OK  [0m] Stopped Login Service.
[[0;32m  OK  [0m] Stopped target User and Group Name Lookups.
[[0;32m  OK  [0m] Stopped LSB: Start Tomcat..
[[0;32m  OK  [0m] Stopped target Remote File Systems.
[[0;32m  OK  [0m] Stopped target Remote File Systems (Pre).
         Stopping Login to default iSCSI targets...
[[0;32m  OK  [0m] Stopped target Basic System.
[[0;32m  OK  [0m] Stopped target Slices.
[[0;32m  OK  [0m] Removed slice User and Session Slice.
[[0;32m  OK  [0m] Stopped target Sockets.
[[0;32m  OK  [0m] Closed LXD - unix socket.
[[0;32m  OK  [0m] Closed Socket activation for snappy daemon.
[[0;32m  OK  [0m] Closed ACPID Listen Socket.
[[0;32m  OK  [0m] Closed UUID daemon activation socket.
[[0;32m  OK  [0m] Closed D-Bus System Message Bus Socket.
[[0;32m  OK  [0m] Closed Syslog Socket.
[[0;32m  OK  [0m] Stopped target Paths.
[[0;32m  OK  [0m] Stopped Dispatch Password Requests to Console Directory Watch.
[[0;32m  OK  [0m] Stopped ACPI Events Check.
[[0;32m  OK  [0m] Stopped target System Initialization.
[[0;32m  OK  [0m] Stopped target Swap.
[[0;32m  OK  [0m] Stopped target Encrypted Volumes.
         Stopping Load/Save Random Seed...
         Stopping Update UTMP about System Boot/Shutdown...
[[0;32m  OK  [0m] Stopped Forward Password Requests to Wall Directory Watch.
[[0;32m  OK  [0m] Stopped Load/Save Random Seed.
[[0;32m  OK  [0m] Stopped Update UTMP about System Boot/Shutdown.
[[0;32m  OK  [0m] Stopped Create Volatile Files and Directories.
[[0;32m  OK  [0m] Stopped Login to default iSCSI targets.
         Stopping iSCSI initiator daemon (iscsid)...
[[0;32m  OK  [0m] Stopped iSCSI initiator daemon (iscsid).
[[0;32m  OK  [0m] Stopped target Network is Online.
[[0;32m  OK  [0m] Stopped Initial cloud-init job (metadata service crawler).
[[0;32m  OK  [0m] Stopped target Network.
         Stopping Raise network interfaces...
[[0;32m  OK  [0m] Stopped Raise network interfaces.
[[0;32m  OK  [0m] Stopped Apply Kernel Variables.
[[0;32m  OK  [0m] Stopped Load Kernel Modules.
[[0;32m  OK  [0m] Stopped target Local File Systems.
         Unmounting /run/user/1000...
         Unmounting /vagrant...
[[0;32m  OK  [0m] Stopped target Network (Pre).
[[0;32m  OK  [0m] Stopped Initial cloud-init job (pre-networking).
[[0;32m  OK  [0m] Unmounted /run/user/1000.
[[0;32m  OK  [0m] Unmounted /vagrant.
[[0;32m  OK  [0m] Reached target Unmount All Filesystems.
[[0;32m  OK  [0m] Stopped target Local File Systems (Pre).
[[0;32m  OK  [0m] Stopped Remount Root and Kernel File Systems.
         Stopping Monitoring of LVM2 mirrors... dmeventd or progress polling...
[[0;32m  OK  [0m] Stopped Create Static Device Nodes in /dev.
[[0;32m  OK  [0m] Reached target Shutdown.
[ 4117.766483] reboot: Power down
